<?xml version="1.0" encoding="UTF-8"?>
<!-- Generated by org.testng.reporters.JUnitReportReporter -->
<testsuite skipped="0" hostname="IN-46S1M63" name="DynamicJSON" tests="3" failures="0" timestamp="2023-07-06T13:51:37 IST" time="2.805" errors="0">
  <testcase name="addBook" time="0.323" classname="DynamicJSON"/>
  <system-out/>
  <testcase name="addBook" time="0.281" classname="DynamicJSON"/>
  <system-out/>
  <testcase name="addBook" time="2.201" classname="DynamicJSON"/>
  <system-out/>
</testsuite> <!-- DynamicJSON -->
