<?xml version="1.0" encoding="UTF-8"?>
<!-- Generated by org.testng.reporters.JUnitReportReporter -->
<testsuite skipped="0" hostname="IN-46S1M63" name="DynamicJSON" tests="1" failures="0" timestamp="2023-07-09T19:07:07 IST" time="2.395" errors="0">
  <testcase name="addBook" time="2.395" classname="DynamicJSON"/>
  <system-out/>
</testsuite> <!-- DynamicJSON -->
